Start testing: Mar 07 19:46 UTC
----------------------------------------------------------
1/6 Testing: test_curves
1/6 Test: test_curves
Command: "/home/runner/work/open2open/open2open/build/tests/test_curves"
Directory: /home/runner/work/open2open/open2open/build/tests
"test_curves" start time: Mar 07 19:46 UTC
Output:
----------------------------------------------------------
PASS [non-rational cubic B-spline] (max round-trip error = 0.000e+00)
PASS [rational quadratic (NURBS arc)] (max round-trip error = 0.000e+00)
PASS [non-rational quintic B-spline] (max round-trip error = 0.000e+00)
PASS [uniform cubic B-spline] (max round-trip error = 0.000e+00)

Result: 4 / 4 tests passed
<end of output>
Test time =   0.01 sec
----------------------------------------------------------
Test Passed.
"test_curves" end time: Mar 07 19:46 UTC
"test_curves" time elapsed: 00:00:00
----------------------------------------------------------

2/6 Testing: test_surfaces
2/6 Test: test_surfaces
Command: "/home/runner/work/open2open/open2open/build/tests/test_surfaces"
Directory: /home/runner/work/open2open/open2open/build/tests
"test_surfaces" start time: Mar 07 19:46 UTC
Output:
----------------------------------------------------------
PASS [bicubic non-rational patch] (max round-trip error = 0.000e+00)
PASS [rational bilinear patch] (max round-trip error = 0.000e+00)
PASS [cylindrical NURBS surface] (max round-trip error = 0.000e+00)

Result: 3 / 3 tests passed
<end of output>
Test time =   0.00 sec
----------------------------------------------------------
Test Passed.
"test_surfaces" end time: Mar 07 19:46 UTC
"test_surfaces" time elapsed: 00:00:00
----------------------------------------------------------

3/6 Testing: test_brep
3/6 Test: test_brep
Command: "/home/runner/work/open2open/open2open/build/tests/test_brep"
Directory: /home/runner/work/open2open/open2open/build/tests
"test_brep" start time: Mar 07 19:46 UTC
Output:
----------------------------------------------------------
PASS [box (ON_BrepBox)]: 6 faces, 12 edges, 8 vertices
PASS [sphere (ON_BrepSphere)]: 1 faces, 1 edges, 2 vertices
WARN [cylinder (ON_BrepCylinder)]: BRepCheck_Analyzer reports invalid shape
PASS [cylinder (ON_BrepCylinder)]: 3 faces, 3 edges, 2 vertices
WARN [torus (ON_BrepTorus)]: BRepCheck_Analyzer reports invalid shape
PASS [torus (ON_BrepTorus)]: 1 faces, 2 edges, 1 vertices

Result: 4 / 4 tests passed
<end of output>
Test time =   0.01 sec
----------------------------------------------------------
Test Passed.
"test_brep" end time: Mar 07 19:46 UTC
"test_brep" time elapsed: 00:00:00
----------------------------------------------------------

4/6 Testing: test_curves_complex
4/6 Test: test_curves_complex
Command: "/home/runner/work/open2open/open2open/build/tests/test_curves_complex"
Directory: /home/runner/work/open2open/open2open/build/tests
"test_curves_complex" start time: Mar 07 19:46 UTC
Output:
----------------------------------------------------------
PASS [full NURBS circle (9 CVs)] (max round-trip error = 0.000e+00)
PASS [high-degree (deg 7) B-spline] (max round-trip error = 0.000e+00)
PASS [C1-kink cubic (double knot)] (max round-trip error = 0.000e+00)
PASS [helical spiral (16 CVs)] (max round-trip error = 0.000e+00)
PASS [weighted quadratic (piecewise conic)] (max round-trip error = 0.000e+00)

Result: 5 / 5 tests passed
<end of output>
Test time =   0.00 sec
----------------------------------------------------------
Test Passed.
"test_curves_complex" end time: Mar 07 19:46 UTC
"test_curves_complex" time elapsed: 00:00:00
----------------------------------------------------------

5/6 Testing: test_surfaces_complex
5/6 Test: test_surfaces_complex
Command: "/home/runner/work/open2open/open2open/build/tests/test_surfaces_complex"
Directory: /home/runner/work/open2open/open2open/build/tests
"test_surfaces_complex" start time: Mar 07 19:46 UTC
Output:
----------------------------------------------------------
PASS [biquintic patch (deg 5×5)] (max round-trip error = 0.000e+00)
PASS [mixed-degree surface (deg 3×1)] (max round-trip error = 0.000e+00)
PASS [sphere NURBS (from GetNurbForm)] (max round-trip error = 0.000e+00)
PASS [torus NURBS (from GetNurbForm)] (max round-trip error = 0.000e+00)
PASS [high-res bicubic (8×8 CVs)] (max round-trip error = 0.000e+00)
PASS [bicubic with C1 crease (double knot)] (max round-trip error = 0.000e+00)

Result: 6 / 6 tests passed
<end of output>
Test time =   0.00 sec
----------------------------------------------------------
Test Passed.
"test_surfaces_complex" end time: Mar 07 19:46 UTC
"test_surfaces_complex" time elapsed: 00:00:00
----------------------------------------------------------

6/6 Testing: test_brep_complex
6/6 Test: test_brep_complex
Command: "/home/runner/work/open2open/open2open/build/tests/test_brep_complex"
Directory: /home/runner/work/open2open/open2open/build/tests
"test_brep_complex" start time: Mar 07 19:46 UTC
Output:
----------------------------------------------------------
WARN [cone with cap]: BRepCheck_Analyzer reports invalid shape
PASS [cone with cap]: 2 faces, 2 edges, 2 vertices
WARN [cone without cap]: BRepCheck_Analyzer reports invalid shape
PASS [cone without cap]: 1 faces, 2 edges, 2 vertices
WARN [wedge (triangular prism)]: BRepCheck_Analyzer reports invalid shape
PASS [wedge (triangular prism)]: 5 faces, 9 edges, 6 vertices
PASS [off-origin sphere]: 1 faces, 1 edges, 2 vertices
WARN [large cylinder (r=3 h=5)]: BRepCheck_Analyzer reports invalid shape
PASS [large cylinder (r=3 h=5)]: 3 faces, 3 edges, 2 vertices
WARN [torus (R=5 r=2)]: BRepCheck_Analyzer reports invalid shape
PASS [torus (R=5 r=2)]: 1 faces, 2 edges, 1 vertices
WARN [quad sphere (6 faces)]: BRepCheck_Analyzer reports invalid shape
PASS [quad sphere (6 faces)]: 6 faces, 12 edges, 8 vertices
PASS [OCCT native box]: 6 faces, 12 edges, 8 vertices
PASS [OCCT native cone (full)]: 2 faces, 2 edges, 2 vertices
PASS [OCCT native truncated cone]: 3 faces, 3 edges, 2 vertices
PASS [OCCT native sphere]: 1 faces, 1 edges, 2 vertices
PASS [OCCT native cylinder]: 3 faces, 3 edges, 2 vertices
PASS [box face accuracy]: max surface error = 0.000e+00
PASS [sphere face accuracy]: max surface error = 2.220e-16

Result: 14 / 14 tests passed
<end of output>
Test time =   0.01 sec
----------------------------------------------------------
Test Passed.
"test_brep_complex" end time: Mar 07 19:46 UTC
"test_brep_complex" time elapsed: 00:00:00
----------------------------------------------------------

End testing: Mar 07 19:46 UTC
